2021-06-28_12-22-01 [http-nio-8400-exec-3] ERROR c.c.a.e.GlobalExceptionHandler - Required request body is missing: public org.springframework.http.ResponseEntity<?> com.cts.authorization.controller.JwtAuthenticationController.createAuthenticationToken(com.cts.authorization.model.JwtRequest) throws com.cts.authorization.exception.AuthorizationException
2021-06-28_12-22-01 [http-nio-8400-exec-8] ERROR c.c.a.e.GlobalExceptionHandler - Required request body is missing: public org.springframework.http.ResponseEntity<?> com.cts.authorization.controller.JwtAuthenticationController.createAuthenticationToken(com.cts.authorization.model.JwtRequest) throws com.cts.authorization.exception.AuthorizationException
2021-06-28_14-32-06 [http-nio-8400-exec-3] ERROR c.c.a.e.GlobalExceptionHandler - INVALID_CREDENTIALS
2021-06-28_14-32-06 [http-nio-8400-exec-6] ERROR c.c.a.config.JwtRequestFilter - JWT Token has expired
2021-06-28_14-32-06 [http-nio-8400-exec-8] ERROR c.c.a.config.JwtRequestFilter - JWT Token has expired
2021-06-28_14-32-06 [http-nio-8400-exec-9] ERROR c.c.a.config.JwtRequestFilter - JWT Token has expired
2021-06-28_14-32-06 [http-nio-8400-exec-2] ERROR c.c.a.config.JwtRequestFilter - JWT Token has expired
2021-06-28_14-32-06 [http-nio-8400-exec-4] ERROR c.c.a.config.JwtRequestFilter - JWT Token has expired
2021-06-28_14-32-06 [http-nio-8400-exec-5] ERROR c.c.a.config.JwtRequestFilter - JWT Token has expired
2021-06-28_15-50-29 [restartedMain] ERROR o.s.b.d.LoggingFailureAnalysisReporter - 

***************************
APPLICATION FAILED TO START
***************************

Description:

Web server failed to start. Port 8400 was already in use.

Action:

Identify and stop the process that's listening on port 8400 or configure this application to listen on another port.

2021-06-28_15-51-14 [http-nio-8400-exec-1] ERROR c.c.a.config.JwtRequestFilter - JWT Token has expired
2021-06-28_15-51-14 [http-nio-8400-exec-6] ERROR c.c.a.config.JwtRequestFilter - JWT Token has expired
2021-06-28_15-51-14 [http-nio-8400-exec-8] ERROR c.c.a.config.JwtRequestFilter - JWT Token has expired
2021-06-28_16-41-16 [http-nio-8400-exec-3] ERROR c.c.a.config.JwtRequestFilter - JWT Token has expired
2021-06-28_16-41-16 [http-nio-8400-exec-4] ERROR c.c.a.config.JwtRequestFilter - JWT Token has expired
2021-06-28_16-41-16 [http-nio-8400-exec-7] ERROR c.c.a.config.JwtRequestFilter - JWT Token has expired
