2021-06-29_10-23-57 [restartedMain] INFO  c.c.m.IpTreatmentOfferingApplication - Starting IpTreatmentOfferingApplication using Java 15.0.2 on LAPTOP-8LJAAJ5A with PID 8432 (C:\Users\dharani\Downloads\CDE-Project-International-Patients-treatment-management\IPTreatmentOffering-Microservice\target\classes started by dharani in C:\Users\dharani\Downloads\CDE-Project-International-Patients-treatment-management\IPTreatmentOffering-Microservice)
2021-06-29_10-23-57 [restartedMain] INFO  c.c.m.IpTreatmentOfferingApplication - No active profile set, falling back to default profiles: default
2021-06-29_10-23-57 [restartedMain] INFO  o.s.b.d.e.DevToolsPropertyDefaultsPostProcessor - Devtools property defaults active! Set 'spring.devtools.add-properties' to 'false' to disable
2021-06-29_10-23-57 [restartedMain] INFO  o.s.b.d.e.DevToolsPropertyDefaultsPostProcessor - For additional web related logging consider setting the 'logging.level.web' property to 'DEBUG'
2021-06-29_10-23-57 [restartedMain] INFO  o.s.d.r.c.RepositoryConfigurationDelegate - Bootstrapping Spring Data JPA repositories in DEFAULT mode.
2021-06-29_10-23-57 [restartedMain] INFO  o.s.d.r.c.RepositoryConfigurationDelegate - Finished Spring Data repository scanning in 92 ms. Found 3 JPA repository interfaces.
2021-06-29_10-23-57 [restartedMain] INFO  o.s.cloud.context.scope.GenericScope - BeanFactory id=418e9d2c-a7e9-339e-a1fd-f16bcee81ef4
2021-06-29_10-23-57 [restartedMain] INFO  o.s.c.s.PostProcessorRegistrationDelegate$BeanPostProcessorChecker - Bean 'com.cts.mfpe.feign.AuthorisingClient' of type [org.springframework.cloud.openfeign.FeignClientFactoryBean] is not eligible for getting processed by all BeanPostProcessors (for example: not eligible for auto-proxying)
2021-06-29_10-23-57 [restartedMain] INFO  o.s.b.w.e.tomcat.TomcatWebServer - Tomcat initialized with port(s): 8100 (http)
2021-06-29_10-23-57 [restartedMain] INFO  o.a.coyote.http11.Http11NioProtocol - Initializing ProtocolHandler ["http-nio-8100"]
2021-06-29_10-23-57 [restartedMain] INFO  o.a.catalina.core.StandardService - Starting service [Tomcat]
2021-06-29_10-23-57 [restartedMain] INFO  o.a.catalina.core.StandardEngine - Starting Servlet engine: [Apache Tomcat/9.0.41]
2021-06-29_10-23-57 [restartedMain] INFO  o.a.c.c.C.[.[.[/ipTreatmentOffering] - Initializing Spring embedded WebApplicationContext
2021-06-29_10-23-57 [restartedMain] INFO  o.s.b.w.s.c.ServletWebServerApplicationContext - Root WebApplicationContext: initialization completed in 4768 ms
2021-06-29_10-23-57 [restartedMain] INFO  com.zaxxer.hikari.HikariDataSource - HikariPool-1 - Starting...
2021-06-29_10-23-57 [restartedMain] INFO  com.zaxxer.hikari.HikariDataSource - HikariPool-1 - Start completed.
2021-06-29_10-23-57 [restartedMain] INFO  o.s.b.a.h.H2ConsoleAutoConfiguration - H2 console available at '/db'. Database available at 'jdbc:h2:mem:ipms_db'
2021-06-29_10-23-57 [restartedMain] INFO  o.s.o.j.LocalContainerEntityManagerFactoryBean - Initialized JPA EntityManagerFactory for persistence unit 'default'
2021-06-29_10-23-57 [restartedMain] INFO  s.d.s.w.PropertySourcedRequestMappingHandlerMapping - Mapped URL path [/v2/api-docs] onto method [springfox.documentation.swagger2.web.Swagger2Controller#getDocumentation(String, HttpServletRequest)]
2021-06-29_10-23-57 [restartedMain] INFO  o.s.s.c.ThreadPoolTaskExecutor - Initializing ExecutorService 'applicationTaskExecutor'
2021-06-29_10-23-57 [restartedMain] INFO  o.a.coyote.http11.Http11NioProtocol - Starting ProtocolHandler ["http-nio-8100"]
2021-06-29_10-23-57 [restartedMain] INFO  o.s.b.w.e.tomcat.TomcatWebServer - Tomcat started on port(s): 8100 (http) with context path '/ipTreatmentOffering'
2021-06-29_10-23-57 [restartedMain] INFO  s.d.s.w.p.DocumentationPluginsBootstrapper - Context refreshed
2021-06-29_10-23-57 [restartedMain] INFO  s.d.s.w.p.DocumentationPluginsBootstrapper - Found 1 custom documentation plugin(s)
2021-06-29_10-23-57 [restartedMain] INFO  s.d.s.w.s.ApiListingReferenceScanner - Scanning for api listing references
2021-06-29_10-23-57 [restartedMain] INFO  c.c.m.IpTreatmentOfferingApplication - Started IpTreatmentOfferingApplication in 12.121 seconds (JVM running for 14.53)
2021-06-29_10-23-57 [http-nio-8100-exec-2] INFO  o.a.c.c.C.[.[.[/ipTreatmentOffering] - Initializing Spring DispatcherServlet 'dispatcherServlet'
2021-06-29_10-23-57 [http-nio-8100-exec-2] INFO  o.s.web.servlet.DispatcherServlet - Initializing Servlet 'dispatcherServlet'
2021-06-29_10-23-57 [http-nio-8100-exec-2] INFO  o.s.web.servlet.DispatcherServlet - Completed initialization in 6 ms
2021-06-29_10-23-57 [http-nio-8100-exec-2] INFO  c.c.m.s.IPTreatmentOfferingServiceImpl - [IPTreatmentPackage details:] [IPTreatmentPackage(treatmentPackageId=1, ailmentCategory=ORTHOPAIDICS, packageDetail=PackageDetail(pid=101, treatmentPackageName=Package 1, testDetails=[OPT1, OPT2], cost=25000, treatmentDuration=4)), IPTreatmentPackage(treatmentPackageId=2, ailmentCategory=ORTHOPAIDICS, packageDetail=PackageDetail(pid=102, treatmentPackageName=Package 2, testDetails=[OPT3, OPT4], cost=30000, treatmentDuration=6)), IPTreatmentPackage(treatmentPackageId=3, ailmentCategory=UROLOGY, packageDetail=PackageDetail(pid=103, treatmentPackageName=Package 1, testDetails=[UPT1, UPT2], cost=40000, treatmentDuration=4)), IPTreatmentPackage(treatmentPackageId=4, ailmentCategory=UROLOGY, packageDetail=PackageDetail(pid=104, treatmentPackageName=Package 2, testDetails=[UPT3, UPT4], cost=50000, treatmentDuration=6))]
2021-06-29_10-23-57 [Thread-1] INFO  o.s.s.c.ThreadPoolTaskExecutor - Shutting down ExecutorService 'applicationTaskExecutor'
2021-06-29_10-23-57 [Thread-1] INFO  o.s.o.j.LocalContainerEntityManagerFactoryBean - Closing JPA EntityManagerFactory for persistence unit 'default'
2021-06-29_10-23-57 [Thread-1] INFO  com.zaxxer.hikari.HikariDataSource - HikariPool-1 - Shutdown initiated...
2021-06-29_10-23-57 [Thread-1] INFO  com.zaxxer.hikari.HikariDataSource - HikariPool-1 - Shutdown completed.
2021-06-29_10-44-19 [restartedMain] INFO  c.c.m.IpTreatmentOfferingApplication - Starting IpTreatmentOfferingApplication using Java 15.0.2 on LAPTOP-8LJAAJ5A with PID 8432 (C:\Users\dharani\Downloads\CDE-Project-International-Patients-treatment-management\IPTreatmentOffering-Microservice\target\classes started by dharani in C:\Users\dharani\Downloads\CDE-Project-International-Patients-treatment-management\IPTreatmentOffering-Microservice)
2021-06-29_10-44-19 [restartedMain] INFO  c.c.m.IpTreatmentOfferingApplication - No active profile set, falling back to default profiles: default
2021-06-29_10-44-19 [restartedMain] INFO  o.s.d.r.c.RepositoryConfigurationDelegate - Bootstrapping Spring Data JPA repositories in DEFAULT mode.
2021-06-29_10-44-19 [restartedMain] INFO  o.s.d.r.c.RepositoryConfigurationDelegate - Finished Spring Data repository scanning in 36 ms. Found 3 JPA repository interfaces.
2021-06-29_10-44-19 [restartedMain] INFO  o.s.cloud.context.scope.GenericScope - BeanFactory id=418e9d2c-a7e9-339e-a1fd-f16bcee81ef4
2021-06-29_10-44-19 [restartedMain] INFO  o.s.c.s.PostProcessorRegistrationDelegate$BeanPostProcessorChecker - Bean 'com.cts.mfpe.feign.AuthorisingClient' of type [org.springframework.cloud.openfeign.FeignClientFactoryBean] is not eligible for getting processed by all BeanPostProcessors (for example: not eligible for auto-proxying)
2021-06-29_10-44-19 [restartedMain] INFO  o.s.b.w.e.tomcat.TomcatWebServer - Tomcat initialized with port(s): 8100 (http)
2021-06-29_10-44-19 [restartedMain] INFO  o.a.coyote.http11.Http11NioProtocol - Initializing ProtocolHandler ["http-nio-8100"]
2021-06-29_10-44-19 [restartedMain] INFO  o.a.catalina.core.StandardService - Starting service [Tomcat]
2021-06-29_10-44-19 [restartedMain] INFO  o.a.catalina.core.StandardEngine - Starting Servlet engine: [Apache Tomcat/9.0.41]
2021-06-29_10-44-19 [restartedMain] INFO  o.a.c.c.C.[.[.[/ipTreatmentOffering] - Initializing Spring embedded WebApplicationContext
2021-06-29_10-44-19 [restartedMain] INFO  o.s.b.w.s.c.ServletWebServerApplicationContext - Root WebApplicationContext: initialization completed in 1336 ms
2021-06-29_10-44-19 [restartedMain] INFO  com.zaxxer.hikari.HikariDataSource - HikariPool-2 - Starting...
2021-06-29_10-44-19 [restartedMain] INFO  com.zaxxer.hikari.HikariDataSource - HikariPool-2 - Start completed.
2021-06-29_10-44-19 [restartedMain] INFO  o.s.b.a.h.H2ConsoleAutoConfiguration - H2 console available at '/db'. Database available at 'jdbc:h2:mem:ipms_db'
2021-06-29_10-44-19 [restartedMain] INFO  o.s.o.j.LocalContainerEntityManagerFactoryBean - Initialized JPA EntityManagerFactory for persistence unit 'default'
2021-06-29_10-44-19 [restartedMain] INFO  s.d.s.w.PropertySourcedRequestMappingHandlerMapping - Mapped URL path [/v2/api-docs] onto method [springfox.documentation.swagger2.web.Swagger2Controller#getDocumentation(String, HttpServletRequest)]
2021-06-29_10-44-19 [restartedMain] INFO  o.s.s.c.ThreadPoolTaskExecutor - Initializing ExecutorService 'applicationTaskExecutor'
2021-06-29_10-44-19 [restartedMain] INFO  o.a.coyote.http11.Http11NioProtocol - Starting ProtocolHandler ["http-nio-8100"]
2021-06-29_10-44-19 [restartedMain] INFO  o.s.b.w.e.tomcat.TomcatWebServer - Tomcat started on port(s): 8100 (http) with context path '/ipTreatmentOffering'
2021-06-29_10-44-19 [restartedMain] INFO  s.d.s.w.p.DocumentationPluginsBootstrapper - Context refreshed
2021-06-29_10-44-19 [restartedMain] INFO  s.d.s.w.p.DocumentationPluginsBootstrapper - Found 1 custom documentation plugin(s)
2021-06-29_10-44-19 [restartedMain] INFO  s.d.s.w.s.ApiListingReferenceScanner - Scanning for api listing references
2021-06-29_10-44-19 [restartedMain] INFO  c.c.m.IpTreatmentOfferingApplication - Started IpTreatmentOfferingApplication in 3.112 seconds (JVM running for 1227.844)
2021-06-29_10-44-19 [restartedMain] INFO  o.s.b.d.a.ConditionEvaluationDeltaLoggingListener - Condition evaluation unchanged
2021-06-29_10-44-19 [http-nio-8100-exec-2] INFO  o.a.c.c.C.[.[.[/ipTreatmentOffering] - Initializing Spring DispatcherServlet 'dispatcherServlet'
2021-06-29_10-44-19 [http-nio-8100-exec-2] INFO  o.s.web.servlet.DispatcherServlet - Initializing Servlet 'dispatcherServlet'
2021-06-29_10-44-19 [http-nio-8100-exec-2] INFO  o.s.web.servlet.DispatcherServlet - Completed initialization in 6 ms
2021-06-29_10-44-19 [http-nio-8100-exec-3] INFO  c.c.m.s.IPTreatmentOfferingServiceImpl - [IPTreatmentPackage details:] [IPTreatmentPackage(treatmentPackageId=1, ailmentCategory=ORTHOPAIDICS, packageDetail=PackageDetail(pid=101, treatmentPackageName=Package 1, testDetails=[OPT1, OPT2], cost=25000, treatmentDuration=5)), IPTreatmentPackage(treatmentPackageId=2, ailmentCategory=ORTHOPAIDICS, packageDetail=PackageDetail(pid=102, treatmentPackageName=Package 2, testDetails=[OPT3, OPT4], cost=30000, treatmentDuration=6)), IPTreatmentPackage(treatmentPackageId=3, ailmentCategory=UROLOGY, packageDetail=PackageDetail(pid=103, treatmentPackageName=Package 1, testDetails=[UPT1, UPT2], cost=40000, treatmentDuration=4)), IPTreatmentPackage(treatmentPackageId=4, ailmentCategory=UROLOGY, packageDetail=PackageDetail(pid=104, treatmentPackageName=Package 2, testDetails=[UPT3, UPT4], cost=50000, treatmentDuration=6))]
2021-06-29_10-44-19 [RMI TCP Connection(521)-127.0.0.1] INFO  o.s.b.a.SpringApplicationAdminMXBeanRegistrar$SpringApplicationAdmin - Application shutdown requested.
2021-06-29_10-44-19 [RMI TCP Connection(521)-127.0.0.1] INFO  o.s.s.c.ThreadPoolTaskExecutor - Shutting down ExecutorService 'applicationTaskExecutor'
2021-06-29_10-44-19 [RMI TCP Connection(521)-127.0.0.1] INFO  o.s.o.j.LocalContainerEntityManagerFactoryBean - Closing JPA EntityManagerFactory for persistence unit 'default'
2021-06-29_10-44-19 [RMI TCP Connection(521)-127.0.0.1] INFO  com.zaxxer.hikari.HikariDataSource - HikariPool-2 - Shutdown initiated...
2021-06-29_10-44-19 [RMI TCP Connection(521)-127.0.0.1] INFO  com.zaxxer.hikari.HikariDataSource - HikariPool-2 - Shutdown completed.
